0 info it worked if it ends with ok
1 verbose cli [ '/usr/local/bin/node', '/usr/local/bin/npm', 'run', 'tsc:w' ]
2 info using npm@3.10.10
3 info using node@v6.10.0
4 verbose run-script [ 'pretsc:w', 'tsc:w', 'posttsc:w' ]
5 info lifecycle pipeline-web@0.1.0~pretsc:w: pipeline-web@0.1.0
6 silly lifecycle pipeline-web@0.1.0~pretsc:w: no script for pretsc:w, continuing
7 info lifecycle pipeline-web@0.1.0~tsc:w: pipeline-web@0.1.0
8 verbose lifecycle pipeline-web@0.1.0~tsc:w: unsafe-perm in lifecycle true
9 verbose lifecycle pipeline-web@0.1.0~tsc:w: PATH: /usr/local/lib/node_modules/npm/bin/node-gyp-bin:/app/node_modules/.bin:/usr/local/sbin:/usr/local/bin:/usr/sbin:/usr/bin:/sbin:/bin
10 verbose lifecycle pipeline-web@0.1.0~tsc:w: CWD: /app
11 silly lifecycle pipeline-web@0.1.0~tsc:w: Args: [ '-c', 'tsc -w' ]
12 info lifecycle pipeline-web@0.1.0~tsc:w: Failed to exec tsc:w script
13 verbose stack Error: pipeline-web@0.1.0 tsc:w: `tsc -w`
13 verbose stack spawn ENOENT
13 verbose stack     at ChildProcess.<anonymous> (/usr/local/lib/node_modules/npm/lib/utils/spawn.js:33:16)
13 verbose stack     at emitTwo (events.js:106:13)
13 verbose stack     at ChildProcess.emit (events.js:191:7)
13 verbose stack     at maybeClose (internal/child_process.js:877:16)
13 verbose stack     at Process.ChildProcess._handle.onexit (internal/child_process.js:226:5)
14 verbose pkgid pipeline-web@0.1.0
15 verbose cwd /app
16 error Linux 4.9.8-moby
17 error argv "/usr/local/bin/node" "/usr/local/bin/npm" "run" "tsc:w"
18 error node v6.10.0
19 error npm  v3.10.10
20 error file sh
21 error code ELIFECYCLE
22 error errno ENOENT
23 error syscall spawn
24 error pipeline-web@0.1.0 tsc:w: `tsc -w`
24 error spawn ENOENT
25 error Failed at the pipeline-web@0.1.0 tsc:w script 'tsc -w'.
25 error Make sure you have the latest version of node.js and npm installed.
25 error If you do, this is most likely a problem with the pipeline-web package,
25 error not with npm itself.
25 error Tell the author that this fails on your system:
25 error     tsc -w
25 error You can get information on how to open an issue for this project with:
25 error     npm bugs pipeline-web
25 error Or if that isn't available, you can get their info via:
25 error     npm owner ls pipeline-web
25 error There is likely additional logging output above.
26 verbose exit [ 1, true ]
